{"C:\\Users\\notebook\\Desktop\\oop\\src\\class\\Bowman.js": {"path":"C:\\Users\\notebook\\Desktop\\oop\\src\\class\\Bowman.js","statementMap":{"0":{"start":{"line":5,"column":6},"end":{"line":5,"column":28}},"1":{"start":{"line":6,"column":6},"end":{"line":6,"column":23}},"2":{"start":{"line":7,"column":6},"end":{"line":7,"column":24}}},"fnMap":{"0":{"name":"(anonymous_0)","decl":{"start":{"line":4,"column":4},"end":{"line":4,"column":5}},"loc":{"start":{"line":4,"column":22},"end":{"line":8,"column":5}},"line":4}},"branchMap":{},"s":{"0":1,"1":1,"2":1},"f":{"0":1},"b":{},"_coverageSchema":"1a1c01bbd47fc00a2c39e90264f33305004495a9","hash":"c4b5e2da748db28cea80b323b2154ebd9203deea"}
,"C:\\Users\\notebook\\Desktop\\oop\\src\\class\\Character.js": {"path":"C:\\Users\\notebook\\Desktop\\oop\\src\\class\\Character.js","statementMap":{"0":{"start":{"line":3,"column":6},"end":{"line":5,"column":7}},"1":{"start":{"line":4,"column":8},"end":{"line":4,"column":68}},"2":{"start":{"line":7,"column":20},"end":{"line":7,"column":85}},"3":{"start":{"line":8,"column":6},"end":{"line":10,"column":7}},"4":{"start":{"line":9,"column":8},"end":{"line":9,"column":54}},"5":{"start":{"line":12,"column":6},"end":{"line":12,"column":23}},"6":{"start":{"line":13,"column":6},"end":{"line":13,"column":23}},"7":{"start":{"line":14,"column":6},"end":{"line":14,"column":24}},"8":{"start":{"line":15,"column":6},"end":{"line":15,"column":21}}},"fnMap":{"0":{"name":"(anonymous_0)","decl":{"start":{"line":2,"column":4},"end":{"line":2,"column":5}},"loc":{"start":{"line":2,"column":28},"end":{"line":16,"column":5}},"line":2}},"branchMap":{"0":{"loc":{"start":{"line":3,"column":6},"end":{"line":5,"column":7}},"type":"if","locations":[{"start":{"line":3,"column":6},"end":{"line":5,"column":7}},{"start":{},"end":{}}],"line":3},"1":{"loc":{"start":{"line":3,"column":10},"end":{"line":3,"column":45}},"type":"binary-expr","locations":[{"start":{"line":3,"column":10},"end":{"line":3,"column":25}},{"start":{"line":3,"column":29},"end":{"line":3,"column":45}}],"line":3},"2":{"loc":{"start":{"line":8,"column":6},"end":{"line":10,"column":7}},"type":"if","locations":[{"start":{"line":8,"column":6},"end":{"line":10,"column":7}},{"start":{},"end":{}}],"line":8}},"s":{"0":10,"1":2,"2":8,"3":8,"4":1,"5":7,"6":7,"7":7,"8":7},"f":{"0":10},"b":{"0":[2,8],"1":[10,9],"2":[1,7]},"_coverageSchema":"1a1c01bbd47fc00a2c39e90264f33305004495a9","hash":"55a5dd724bf410f4012c2cfd7c1a5e94b2976aea"}
,"C:\\Users\\notebook\\Desktop\\oop\\src\\class\\Daemon.js": {"path":"C:\\Users\\notebook\\Desktop\\oop\\src\\class\\Daemon.js","statementMap":{"0":{"start":{"line":5,"column":6},"end":{"line":5,"column":28}},"1":{"start":{"line":6,"column":6},"end":{"line":6,"column":23}},"2":{"start":{"line":7,"column":6},"end":{"line":7,"column":24}}},"fnMap":{"0":{"name":"(anonymous_0)","decl":{"start":{"line":4,"column":4},"end":{"line":4,"column":5}},"loc":{"start":{"line":4,"column":22},"end":{"line":8,"column":5}},"line":4}},"branchMap":{},"s":{"0":1,"1":1,"2":1},"f":{"0":1},"b":{},"_coverageSchema":"1a1c01bbd47fc00a2c39e90264f33305004495a9","hash":"6d478abb9eb1b8b8f04f8da3cafc7e6f2802ef9f"}
,"C:\\Users\\notebook\\Desktop\\oop\\src\\class\\Magician.js": {"path":"C:\\Users\\notebook\\Desktop\\oop\\src\\class\\Magician.js","statementMap":{"0":{"start":{"line":5,"column":6},"end":{"line":5,"column":30}},"1":{"start":{"line":6,"column":6},"end":{"line":6,"column":23}},"2":{"start":{"line":7,"column":6},"end":{"line":7,"column":24}}},"fnMap":{"0":{"name":"(anonymous_0)","decl":{"start":{"line":4,"column":4},"end":{"line":4,"column":5}},"loc":{"start":{"line":4,"column":22},"end":{"line":8,"column":5}},"line":4}},"branchMap":{},"s":{"0":1,"1":1,"2":1},"f":{"0":1},"b":{},"_coverageSchema":"1a1c01bbd47fc00a2c39e90264f33305004495a9","hash":"fb12d61803ecce3a827522c524fc83d098bdd663"}
,"C:\\Users\\notebook\\Desktop\\oop\\src\\class\\Swordsman.js": {"path":"C:\\Users\\notebook\\Desktop\\oop\\src\\class\\Swordsman.js","statementMap":{"0":{"start":{"line":5,"column":6},"end":{"line":5,"column":31}},"1":{"start":{"line":6,"column":6},"end":{"line":6,"column":23}},"2":{"start":{"line":7,"column":6},"end":{"line":7,"column":24}}},"fnMap":{"0":{"name":"(anonymous_0)","decl":{"start":{"line":4,"column":4},"end":{"line":4,"column":5}},"loc":{"start":{"line":4,"column":22},"end":{"line":8,"column":5}},"line":4}},"branchMap":{},"s":{"0":1,"1":1,"2":1},"f":{"0":1},"b":{},"_coverageSchema":"1a1c01bbd47fc00a2c39e90264f33305004495a9","hash":"881ae41707882267b52ed735e91c62748ea4de7f"}
,"C:\\Users\\notebook\\Desktop\\oop\\src\\class\\Undead.js": {"path":"C:\\Users\\notebook\\Desktop\\oop\\src\\class\\Undead.js","statementMap":{"0":{"start":{"line":5,"column":6},"end":{"line":5,"column":28}},"1":{"start":{"line":6,"column":6},"end":{"line":6,"column":23}},"2":{"start":{"line":7,"column":6},"end":{"line":7,"column":24}}},"fnMap":{"0":{"name":"(anonymous_0)","decl":{"start":{"line":4,"column":4},"end":{"line":4,"column":5}},"loc":{"start":{"line":4,"column":22},"end":{"line":8,"column":5}},"line":4}},"branchMap":{},"s":{"0":1,"1":1,"2":1},"f":{"0":1},"b":{},"_coverageSchema":"1a1c01bbd47fc00a2c39e90264f33305004495a9","hash":"eb2112dbc6db6b7856f1c4cadb12d80e744df77e"}
,"C:\\Users\\notebook\\Desktop\\oop\\src\\class\\Zombie.js": {"path":"C:\\Users\\notebook\\Desktop\\oop\\src\\class\\Zombie.js","statementMap":{"0":{"start":{"line":5,"column":6},"end":{"line":5,"column":28}},"1":{"start":{"line":6,"column":6},"end":{"line":6,"column":23}},"2":{"start":{"line":7,"column":6},"end":{"line":7,"column":24}}},"fnMap":{"0":{"name":"(anonymous_0)","decl":{"start":{"line":4,"column":4},"end":{"line":4,"column":5}},"loc":{"start":{"line":4,"column":22},"end":{"line":8,"column":5}},"line":4}},"branchMap":{},"s":{"0":1,"1":1,"2":1},"f":{"0":1},"b":{},"_coverageSchema":"1a1c01bbd47fc00a2c39e90264f33305004495a9","hash":"a57053c0ea8093b15cd6ad0d507d5d78f2c83b8e"}
}
